[    0.000000] Initializing cgroup subsys cpuset[    0.00000] Initializing cgroup subsys cpu
[    0.000000] Initialzing cgroup subsys cpuacct
[    0.000000] Linux version 4.4.0-130-generic (buildd@lgw01-amd64-039) (gcc version 5.4.0 20160609 (Ubuntu 5.4.0-6ubuntu1~16.04.9) ) #156-Ubuntu SMP Thu Jun 14 08:53:28 UTC 2018 (Ubuntu 4.4.0-130.156-generic 4.4.134)
[    0.000000] Command line: BOOT_IMAGE=/boot/vmlinuz-4.4.0-130-generic root=LABEL=cloudimg-rootfs ro console=tty1 console=ttyS0
[    0.000000] KERNEL supported cpus:
[    0.000000]   Intel GenuineIntel
[    0.000000]   AMD AuthenticAMD
[    0.000000]   Centaur CentaurHauls
[    0.00000] x86/fpu: xstate_offset[2]:  576, xstate_izes[2]: 256
[    0.000000] x86/fpu: Supporting XSAVE feature 0x01: 'x87 floating point registers'
[    0.000000] x86/fpu: Suppoting XAVE feature 0x02: 'SSE registers
[    0.000000] x86/fpu: Supporting XSAVE feature 0x04: 'AVX registers'
[    0.000000] x86/fpu: Enabled xstate features 0x7, context size is 832 bytes, using 'standard' format.
[    0.000000] x86/fpu: Using 'eager' FPU context switches.
[    0.000000] e820: BIOS-provided physiical RAM map:
[   0.000000]BIOS-e820: [mem 0x000000000000000-0x000000000009fbff] usable
[    0.000000] BIOOS-e820: [mem 0x000000000009fc00-0x000000000009ffff] reserved[    0.00000] BIOS-e820: [mem 00000000000f0000-0x00000000000fffff] reserved
[    .0000000] BIOS-e820: [mem 0x0000000000100000-0x000000003ffeffff] usable
[    0.000000] BIOS-e820: [mem 0x000000003fff0000-0x000000003fffffff] ACPI data
[    0.000000] BIOS-e820: [mem 0x00000000fec00000-0x00000000fec00fff] reserved
[   0.000000] BIOS-e820: [mem 0x00000000fee00000-0x00000000fee00fff] reserved
    .000000] BIOS-e820: [mem 0x00000000fffc0000-0x00000000ffffffff] reserved
[    0.000000] NX (Execute Disable) protection: active
[    0.000000] SMBIOS 2.5 present.
[    0.000000] Hypervisor detected: KVM
[    0.000000] e820: last_pfn = 0x3fff0 max_arch_pfn = 0x400000000
[    0.000000] MTRR: Disabled
[    0.000000] x86/PAT: MTRRs disabled, skipping PAT initialization too.
[    0.000000] CPU MTRRs all blank - virtualized system.
[    0.000000] x86/PAT: Configuration [0-7]: WB  WT  UC- UC  WB  WT  UC- UC  
[    0.000000] found SMP MP-table at [mem 0x0009fff0-0x0009ffff] mapped at [ffff88000009fff0]
[    0.000000] Scanning 1 areas for low memory corruption
[    0.000000] RAMDISK: [mem 0x361f0000-0x370effff]
[    0.000000] ACPI: Early table checksum verification disabled
[    0.000000] ACPI: RSDP 0x00000000000E0000 000024 (v02 VBOX  )
[    0.000000] ACPI: XSDT 0x000000003FFF0030 00003C (v01 VBOX   VBOXXSDT 00000001 ASL  00000061)
[    0.000000] ACPI: FACP 0x000000003FFF00F0 0000F4 (v04 VBOX   VBOXFACP 00000001 ASL  00000061)
[    0.000000] ACPI: DSDT 0x000000003FFF0470 0021FF (v02 VBOX   VBOXBIOS 00000002 INTL 20100528)
[    0.000000] ACPI: FACS 0x000000003FFF0200 000040
[    0.000000] ACPI: FACS 0x000000003FFF0200 000040
[    0.000000] ACPI: APIC 0x000000003FFF0240 00005C (v02 VBOX   VBOXAPIC 00000001 ASL  00000061)
[    0.000000] ACPI: SSDT 0x000000003FFF02A0 0001CC (v01 VBOX   VBOXCPUT 00000002 INTL 20100528)
[    0.000000] No NUMA configuration found
[    0.000000] Faking a node at [mem 0x0000000000000000-0x000000003ffeffff]
[    0.000000] NODE_DATA(0) allocated [mem 0x3ffeb000-0x3ffeffff]
[    0.000000] kvm-clock: Using msrs 4b564d01 and 4b564d00
[    0.000000] kvm-clock: cpu 0, msr 0:3ffe3001, primary cpu clock
[    0.000000] kvm-clock: using sched offset of 6310944561 cycles
[    0.000000] clocksource: kvm-clock: mask: 0xffffffffffffffff max_cycles: 0x1cd42e4dffb, max_idle_ns: 881590591483 ns
[    0.000000] Zone ranges:
[    0.000000]   DMA      [mem 0x000000000001000-0x0000000000ffffff]
[    .000000]   DMA32    [mem 0x000000001000000-0x000000003ffeffff]
[    0.000000]   Normal   empty
[    0.000000]   Device   empty
[    0.000000] Movable zone start ffor each node
[    0.000000] Early memory node ranges
[    0.000000]  node   0: [mem 0x0000000000001000-0x000000000009efff]
[    0.000000]   node   0: [mem 0x0000000000100000-0x000000003ffeffff]
[    0.000000] Initmem setup node 0 [mem 0x0000000000001000-0x000000003ffeffff]
[    0.000000] ACPI: PM-Timer IO Port: 0x4008
[    0.000000] IOAPIC[0]: apic_id 2, version 32, address 0xfe000, GSI 0-23
[   0.000000] ACPI: INT_SRC_OVR (bus 0 bus_irq 0 global_irq 2 dfl dfl)
[    0.000000] ACPI: INT_SRC_OVR (bus 0 bus_irq 9 global_irq 9 low level)
[    0.000000 Using ACPI (MADT) or SMP onfiguration information
[    0.0000000] smpboot: Allowing 2 CPUs, 0 hotplug CPUs
[    0.000000] PM: Registered nosave memory: [mem 0x00000000-0x00000fff]
[    0.000000] PM: Registered nosave memory: [mem 0x0009f000-0x0009ffff]
[    0.000000] PM: Registered nosave memory: [mm 0x000a0000-0x000effff]
[    0.000000] PM: Registered nosave memory: [mem 0x000f0000-0x000fffff]
[    0.000000] e820: [mem 0x40000000-0xfebfffff] available for PCI devices
[    0.000000] Booting paravirtualized kernel on KVM
[    0.000000] clocksource: refined-jiffies: mask: 0xffffffff max_cycles: 0xffffffff, max_idle_ns: 7645519600211568 ns
[    0.000000] setup_percpu: NR_CPUS:512 nr_cpumask_bits:512 nr_cpu_ids:2 nr_node_ids:1
[    0.000000] PERCPU: Embedded 34 pages/cpu @ffff88003fc00000 s99544 r8192 d31528 u1048576
[    0.000000] PV qspinlock hash table entries: 256 (order: 0, 4096 bytes)
[    0.000000] Built 1 zonelists in Node order, mobility grouping on.  Total pages: 257912
[    0.000000] Policy zone: DMA32
[    0.000000] Kernel command line: BOOT_IMAGE=/boot/vmlinuz-4.4.0-130-generic root=LABEL=cloudimg-rootfs ro console=tty1 console=ttyS0
[    0.000000] PID hash table entries: 4096 (order: 3, 32768 bytes)
[    0.000000] Memory: 997156K/1048120K available (8546K kernel code, 1313K rwdata, 4000K rodata, 1516K init, 1316K bss, 50964K reserved, 0K cma-reserved)
[    0.000000] SLUB: HWalign=64, Order=0-3, MinObjects=0, CPUs=2, Nodes=1
[    0.000000] Kernel/User page tables isolation: enabled
[    0.000000] Hierarchical RCU implementation.
[    0.000000] 	Build-time adjustment of leaf fanout to 64.
[    0.000000] 	RCU restricting CPUs from NR_CPUS=512 to nr_cpu_ids=2.
[    0..000000] RCU: Adjusting geometry for rcu_fanout_leaf=64, nr_cpu_ids=2
[    0.000000] NR_IRQS:33024 nr_irqs:440 16
[    0.000000] Console: colour VGA+ 80x25[    0.000000] console [tty1] enabled
[    0.000000] console[ttyS0] enabled
[    0.00000] tsc: Detected 1599.999 MHz processor
[    1.001651] Calibraing delay loop (skipped) preset value.. 3199.99 BogoMIPS (lpj=6399996)
[    1.026669] pid_max: default: 32768 minimum: 301
[    1.028838] ACPI: Core revision 20150930
[    1.035877] ACPI: 2 ACPI AML tables successfully acquired and loaded
[    1.040720] Security Framework initialized
[    1.051126] Yama: becoming mindful.
[    1.052736] AppArmor: AppArmor initialized
[    1.059195] Dentry cache hash table entries: 131072 (order: 8, 1048576 bytes)
[    1.065301] Inode-cache hash table entries: 65536 (order: 7, 524288 bytes)
[    1.071839] Mount-cache hash table entries: 2048 (order: 2, 16384 bytes)
[    1.074347] Mountpoint-cache hash table entries: 2048 (order: 2, 16384 bytes)
[    1.087913] Initializing cgroup subsys io
[    1.095026] Initializing cgroup subsys memory
[    1.112394] Initializing cgroup subsys devices
[    1.126807] Initializing cgroup subsys freezer
[    1.131084] Initializing cgroup subsys net_cls
[    1.135647] Initializing cgroup subsys perf_event
[    1.143363] Initializing cgroup subsys net_prio
[    1.155323] Initializing cgroup subsys hugetlb
[    1.157616] Initializing cgroup subsys pids
[    1.159658] CPU: Physical Processor ID: 0
[    1.163133] CPU: Processor Core ID: 0
[    1.166132] mce: CPU supports 0 MCE banks
[    1.171224] Last level iTLB entries: 4KB 64, 2MB 8, 4MB 8
[    1.175934] Last level dTLB entries: 4KB 64, 2MB 0, 4MB 0, 1GB 4
[    1.180098] Spectre V2 : Mitigation: Full generic retpoline
[    1.187049] Spectre V2 : Speculation control IBPB not-supported IBRS not-supported
[    1.194718] Speculative Store Bypass: Vulnerable
[    1.205247] Freeing SMP alternatives memory: 32K
[    1.220401] ftrace: allocating 32245 entries in 126 pages
[    1.290702] smpboot: APIC(0) Converting physical 0 to logical package 0
[    1.296523] smpboot: Max logical packages: 1
[    1.307252] x2apic enabled
[    1.310543] Switched APIC routing to physical x2apic.
[    1.313800] ..TIMER: vector=0x30 apic1=0 pin1=2 apic2=-1 pin2=-1
[    1.422282] smpboot: CPU0: Intel(R) Core(TM) i5-5250U CPU @ 1.60GHz (family: 0x6, model: 0x3d, stepping: 0x4)
[    1.439328] Performance Events: unsupported p6 CPU model 61 no PMU driver, software events only.
[    1.451914] KVM setup paravirtual spinlock
[    1.465319] x86: Booting SMP configuration:
[    1.475565] .... node  #0, CPUs:      #1
[    1.478736] kvm-clock: cpu 1, msr 0:3ffe3041, secondary cpu clock
[    1.481950] mce: CPU supports 0 MCE banks
[    1.485413] x86: Booted up 1 node, 2 CPUs
[    1.490921] smpboot: Total of 2 processors activated (6399.99 BogoMIPS)
[    1.496471] devtmpfs: initialized
[    1.499904] evm: security.selinux
[    1.502552] evm: security.SMACK64
[    1.506374] evm: security.SMACK64EXEC
[    1.516732] evm: security.SMACK64TRANSMUTE
[    1.526252] evm: security.SMACK64MMAP
[    1.527962] evm: security.ima
[    1.530817] evm: security.capability
[    1.536659] clocksource: jiffies: mask: 0xffffffff max_cycles: 0xffffffff, max_idle_ns: 7645041785100000 ns
[    1.546600] futex hash table entries: 512 (order: 3, 32768 bytes)
[    1.549085] pinctrl core: initialized pinctrl subsystem
[    1.554868] RTC time: 14:54:46, date: 07/25/18
[    1.559536] NET: Registered protocol family 16
[    1.574065] cpuidle: using governor ladder
[    1.586462] cpuidle: using governor menu
[    1.598066] PCCT header not found.
[    1.599565] ACPI: bus type PCI registered
[    1.603138] acpiphp: ACPI Hot Plug PCI Controller Driver version: 0.5
[    1.614819] PCI: Using configuration type 1 for base access
[    1.633092] ACPI: Added _OSI(Module Device)
[    1.642184] ACPI: Added _OSI(Processor Device)
[    1.647414] ACPI: Added _OSI(3.0 _SCP Extensions)
[    1.658494] ACPI: Added _OSI(Processor Aggregator Device)
[    1.667594] ACPI: Executed 1 blocks of module-level executable AML code
[    1.681986] ACPI: Interpreter enabled
[    1.683926] ACPI: (supports S0 S5)
[    1.685466] ACPI: Using IOAPIC for interrupt routing
[    1.687807] PCI: Using host bridge windows from ACPI; if necessary, use "pci=nocrs" and report a bug
[    1.697103] ACPI: PCI Root Bridge [PCI0] (domain 0000 [bus 00-ff])
[    1.704960] acpi PNP0A03:00: _OSC: OS supports [ASPM ClockPM Segments MSI]
[    1.711908] acpi PNP0A03:00: _OSC: not requesting OS control; OS requires [ExtendedConfig ASPM ClockPM MSI]
[    1.730753] acpi PNP0A03:00: fail to add MMCONFIG information, can't access extended PCI configuration space under this bridge.
[    1.743240] PCI host bridge to bus 0000:00
[    1.747504] pci_bus 0000:00: root bus resource [io  0x0000-0x0cf7 window]
[    1.755866] pci_bus 0000:00: root bus resource [io  0x0d00-0xffff window]
[    1.759022] pci_bus 0000:00: root bus resource [mem 0x000a0000-0x000bffff window]
[    1.767865] pci_bus 0000:00: root bus resource [mem 0x40000000-0xfdffffff window]
[    1.771224] pci_bus 0000:00: root bus resource [bus 00-ff]
[    1.776752] pci 0000:00:01.1: legacy IDE quirk: reg 0x10: [io  0x01f0-0x01f7]
[    1.779942] pci 0000:00:01.1: legacy IDE quirk: reg 0x14: [io  0x03f6]
[    1.782826] pci 0000:00:01.1: legacy IDE quirk: reg 0x18: [io  0x0170-0x0177]
[    1.818253] pci 0000:00:01.1: legacy IDE quirk: reg 0x1c: [io  0x0376]
[    1.863900] pci 0000:00:07.0: quirk: [io  0x4000-0x403f] claimed by PIIX4 ACPI
[    1.888440] pci 0000:00:07.0: quirk: [io  0x4100-0x410f] claimed by PIIX4 SMB
[    1.912791] ACPI: PCI Interrupt Link [LNKA] (IRQs 5 9 10 *11)
[    1.920162] ACPI: PCI Interrupt Link [LNKB] (IRQs 5 9 *10 11)
[    1.924913] ACPI: PCI Interrupt Link [LNKC] (IRQs 5 *9 10 11)
[    1.930539] ACPI: PCI Interrupt Link [LNKD] (IRQs 5 9 10 *11)
[    1.936506] ACPI: Enabled 2 GPEs in block 00 to 07
[    1.939313] vgaarb: setting as boot device: PCI:0000:00:02.0
[    1.941518] vgaarb: device added: PCI:0000:00:02.0,decodes=io+mem,owns=io+mem,locks=none
[    1.951023] vgaarb: loaded
[    1.958659] vgaarb: bridge control possible 0000:00:02.0
[    1.965267] SCSI subsystem initialized
[    1.971118] ACPI: bus type USB registered
[    1.978075] usbcore: registered new interface driver usbfs
[    1.983944] usbcore: registered new interface driver hub
[    1.985994] usbcore: registered new device driver usb
[    1.991773] PCI: Using ACPI for IRQ routing
[    1.999274] NetLabel: Initializing
[    2.003555] NetLabel:  domain hash size = 128
[    2.011389] NetLabel:  protocols = UNLABELED CIPSOv4
[    2.013772] NetLabel:  unlabeled traffic allowed by default
[    2.017008] amd_nb: Cannot enumerate AMD northbridges
[    2.020390] clocksource: Switched to clocksource kvm-clock
[    2.035157] AppArmr: AppArmor ilesystem Enabled
[    2.089542] pnp: PnP API init
[    2.117807] pnp: PnP ACPI: found 3 devices

[    2.132573 clocksource: acpi_pm: mask: 0xfffff max_cycls: 0xffffff max_idle_ns: 085701024 ns
[    2.262300] NET: Registered protocolfamily 2

[    2.289251] TCP established hash table entries: 8192 (order: 4, 65536 bytes)
[    2.297918] TCP bind hash table entries: 8192 (order: 5, 13102 bytes)
[    2.33346] TCP: Hash table configured (stablihed 8192 bind 8192)
[    2.436639] UDP hah table entries: 12 (order: 2, 6384 btes)
[    2.565579] UDP-Lite has tableentries: 512 (order 2, 16384 bytes)
[    2.646652] NET: Registered protocol family 1
[    2.648948] pci 0000:00:00.0: Limiting direct PCI/PCI transfers
[    2.651300] pci 0000:00:01.0: Activatin ISA DMA hang workarounds
[    2.681352] Unpacing intrams...

[    3.084514] Freeing initrd memory: 15360K
[    3.098368] RAPL PMU detected, API unit is 2^-32 Joules, 4 fixed counters 10737418240 ms ovfl timer
[    3.109870] hw unit of domain pp0-core 2^-0 Joules
[    3.111817] hw unit of domain package 2^-0 Joules
[    3.113909] hw unit of domain dram 2^-0 Joules
[    3.118131] hw unit of domain pp1-gpu 2^-0 Joules
[    3.119956] platform rtc_cmos: registered platform RTC device (no PNP device found)
[    3.129487] Scanning for low memory corruption every 60 seconds
[    3.134766] audit: initializing netlink subsys (disabled)
[    3.138512] audit: type=2000 audit(1532530495.307:1): initialized
[    3.144539] Initialise system trusted keyring
[    3.147272] HugeTLB registered 2 MB page size, pre-allocated 0 pages
[    3.151676] zbud: loaded
[    3.153595] VFS: Disk quotas dquot_6.6.0
[    3.155428] VFS: Dquot-cache hash table entries: 512 (order 0, 4096 bytes)
[    3.171107] squashfs: version 4.0 (2009/01/31) Phillip Lougher
[    3.181220] fuse init (API version 7.23)
[    3.184698] Key type big_key registered
[    3.187817] Allocating IMA MOK and blacklist keyrings.
[    3.201458] Key type asymmetric registered
[    3.202978] Asymmetric key parser 'x509' registered
[    3.204561] Block layer SCSI generic (bsg) driver version 0.4 loaded (major 249)
[    3.212776] io scheduler noop registered
[    3.218246] io scheduler deadline registered (default)
[    3.220607] io scheduler cfq registered
[    3.227241] pci_hotplug: PCI Hot Plug PCI Core version: 0.5
[    3.232608] pciehp: PCI Express Hot Plug Controller Driver version: 0.4
[    3.243963] ACPI: AC Adapter [AC] (off-line)
[    3.248670] input: Power Button as /devices/LNXSYSTM:00/LNXPWRBN:00/input/input0
[    3.265087] ACPI: Power Button [PWRF]
[    3.268031] input: Sleep Button as /devices/LNXSYSTM:00/LNXSLPBN:00/input/input1
[    3.271106] ACPI: Sleep Button [SLPF]
[    3.274634] ACPI: Battery Slot [BAT0] (battery present)
[    3.287813] GHES: HEST is not enabled!
[    3.289592] Serial: 8250/16550 driver, 32 ports, IRQ sharing enabled
[    3.316220] 00:02: ttyS0 at I/O 0x3f8 (irq = 4, base_baud = 115200) is a 16550A
[    3.322786] Linux agpgart interface v0.103
[    3.331023] loop: module loaded
[    3.333584] scsi host0: ata_piix
[    3.338293] scsi host1: ata_piix
[    3.343276] ata1: PATA max UDMA/33 cmd 0x1f0 ctl 0x3f6 bmdma 0xd000 irq 14
[    3.345755] ata2: PATA max UDMA/33 cmd 0x170 ctl 0x376 bmdma 0xd008 irq 15
[    3.350458] libphy: Fixed MDIO Bus: probed
[    3.353431] tun: Universal TUN/TAP device driver, 1.6
[    3.357541] tun: (C) 1999-2004 Max Krasnyansky <maxk@qualcomm.com>
[    3.363901] PPP generic driver version 2.4.2
[    3.367019] ehci_hcd: USB 2.0 'Enhanced' Host Controller (EHCI) Driver
[    3.369574] ehci-pci: EHCI PCI platform driver
[    3.373885] ehci-platform: EHCI generic platform driver
[    3.379458] ohci_hcd: USB 1.1 'Open' Host Controller (OHCI) Driver
[    3.382173] ohci-pci: OHCI PCI platform driver
[    3.383619] ohci-platform: OHCI generic platform driver
[    3.385323] uhci_hcd: USB Universal Host Controller Interface driver
[    3.387307] i8042: PNP: PS/2 Controller [PNP0303:PS2K,PNP0f03:PS2M] at 0x60,0x64 irq 1,12
[    3.395038] serio: i8042 KBD port at 0x60,0x64 irq 1
[    3.398545] serio: i8042 AUX port at 0x60,0x64 irq 12
[    3.402713] mousedev: PS/2 mouse device common for all mice
[    3.405656] rtc_cmos rtc_cmos: rtc core: registered rtc_cmos as rtc0
[    3.407827] rtc_cmos rtc_cmos: alarms up to one day, 114 bytes nvram
[    3.409847] i2c /dev entries driver
[    3.411169] input: AT Translated Set 2 keyboard as /devices/platform/i8042/serio0/input/input2
[    3.414064] device-mapper: uevent: version 1.0.3
[    3.415959] device-mapper: ioctl: 4.34.0-ioctl (2015-10-28) initialised: dm-devel@redhat.com
[    3.418836] ledtrig-cpu: registered to indicate activity on CPUs
[    3.421626] NET: Registered protocol family 10
[    3.423517] NET: Registered protocol family 17
[    3.425087] Key type dns_resolver registered
[    3.427143] registered taskstats version 1
[    3.428521] Loading compiled-in X.509 certificates
[    3.431512] Loaded X.509 cert 'Build time autogenerated kernel key: b3e0fe4bcd6378c38a2c0a4648abbc1fa5043a22'
[    3.434825] zswap: loaded using pool lzo/zbud
[    3.438572] Key type trusted registered
[    3.443384] Key type encrypted registered
[    3.445059] AppArmor: AppArmor sha1 policy hashing enabled
[    3.454282] ima: No TPM chip found, activating TPM-bypass!
[    3.457813] ima: Allocated hash algorithm: sha1
[    3.467257] evm: HMAC attrs: 0x1
[    3.470459]   Magic number: 10:261:941
[    3.481830] rtc_cmos rtc_cmos: setting system clock to 2018-07-25 14:54:48 UTC (1532530488)
[    3.487300] BIOS EDD facility v0.16 2004-Jun-25, 0 devices found
[    3.489937] EDD information not available.
[    3.507186] Freeing unused kernel memory: 1516K
[    3.511164] Write protecting the kernel read-only data: 14336k
[    3.673547] Freeing unused kernel memory: 1680K
[    3.713488] Freeing unused kernel memory: 96K
Loading, please wait...
starting version 229
[    3.735601] random: udevadm: uninitialized urandom read (16 bytes read, 5 bits of entropy available)
[    3.735657] random: systemd-udevd: uninitialized urandom read (16 bytes read, 5 bits of entropy available)
[    3.735773] random: systemd-udevd: uninitialized urandom read (16 bytes read, 5 bits of entropy available)
[    3.735786] random: systemd-udevd: uninitialized urandom read (16 bytes read, 5 bits of entropy available)
[    3.735804] random: systemd-udevd: uninitialized urandom read (16 bytes read, 5 bits of entropy available)
[    3.781803] random: udevadm: uninitialized urandom read (16 bytes read, 5 bits of entropy available)
[    3.795991] random: systemd-udevd: uninitialized urandom read (16 bytes read, 5 bits of entropy available)
[    3.806593] random: systemd-udevd: uninitialized urandom read (16 bytes read, 5 bits of entropy available)
[    3.808629] random: udevadm: uninitialized urandom read (16 bytes read, 5 bits of entropy available)
[    3.808682] random: udevadm: uninitialized urandom read (16 bytes read, 5 bits of entropy available)
[    3.877239] Fusion MPT base driver 3.04.20
[    3.879121] Copyright (c) 1999-2008 LSI Corporation
[    3.896942] e1000: Intel(R) PRO/1000 Network Driver - version 7.3.21-k8-NAPI
[    3.899934] e1000: Copyright (c) 1999-2006 Intel Corporation.
[    3.918843] AVX2 version of gcm_enc/dec engaged.
[    3.921014] AES CTR mode by8 optimization enabled
[    3.927682] Fusion MPT SPI Host driver 3.04.20
[    4.102787] input: ImExPS/2 Generic Explorer Mouse as /devices/platform/i8042/serio1/input/input4
[    4.129835] tsc: Refined TSC clocksource calibration: 1599.570 MHz
[    4.144584] clocksource: tsc: mask: 0xffffffffffffffff max_cycles: 0x170e8ec1e01, max_idle_ns: 440795260832 ns
[    4.395684] e1000 0000:00:03.0 eth0: (PCI:33MHz:32-bit) 02:c5:fa:e6:4f:6d
[    4.682450] e1000 0000:00:03.0 eth0: Intel(R) PRO/1000 Network Connection
[    5.103987] e1000 0000:00:08.0 eth1: (PCI:33MHz:32-bit) 08:00:27:90:87:c3
[    5.198414] e1000 0000:00:08.0 eth1: Intel(R) PRO/1000 Network Connection
[    5.203939] mptbase: ioc0: Initiating bringup
[    5.204510] e1000 0000:00:08.0 enp0s8: renamed from eth1
[    5.221193] e1000 0000:00:03.0 enp0s3: renamed from eth0
[    5.276953] ioc0: LSI53C1030 A0: Capabilities={Initiator}
[    5.801873] scsi host2: ioc0: LSI53C1030 A0, FwRev=00000000h, Ports=1, MaxQ=256, IRQ=20
[    5.938141] scsi 2:0:0:0: Direct-Access     VBOX     HARDDISK         1.0  PQ: 0 ANSI: 5
[    5.958100] scsi target2:0:0: Beginning Domain Validation
[    5.963304] scsi target2:0:0: Domain Validation skipping write tests
[    5.974592] scsi target2:0:0: Ending Domain Validation
[    5.976706] scsi target2:0:0: asynchronous
[    5.986888] scsi 2:0:1:0: Direct-Access     VBOX     HARDDISK         1.0  PQ: 0 ANSI: 5
[    5.991340] scsi target2:0:1: Beginning Domain Validation
[    6.197877] scsi target2:0:1: Domain Validation skipping write tests
[    6.278709] scsi target2:0:1: Ending Domain Validation
[    6.395624] scsi target2:0:1: asynchronous
[    6.691435] sd 2:0:0:0: [sda] 20971520 512-byte logical blocks: (10.7 GB/10.0 GiB)
[    6.694426] sd 2:0:0:0: [sda] Write Protect is off
[    6.702191] sd 2:0:0:0: Attached scsi generic sg0 type 0
[    6.705270] sd 2:0:1:0: [sdb] 20480 512-byte logical blocks: (10.5 MB/10.0 MiB)
[    6.705305] sd 2:0:0:0: [sda] Incomplete mode parameter data
[    6.705308] sd 2:0:0:0: [sda] Assuming drive cache: write through
[    6.709543] sd 2:0:1:0: Attached scsi generic sg1 type 0
[    6.738385] sd 2:0:1:0: [sdb] Write Protect is off
[    6.750587] sd 2:0:1:0: [sdb] Incomplete mode parameter data
[    6.757252] sd 2:0:1:0: [sdb] Assuming drive cache: write through
[    6.774276]  sda: sda1
[    6.775847] sd 2:0:1:0: [sdb] Attached SCSI disk
[    6.781550] sd 2:0:0:0: [sda] Attached SCSI disk
Begin: Loading e[    8.221750] md: linear personality registered for level -1
ssential drivers ... [    8.233924] md: multipath personality registered for level -4
[    8.240905] md: raid0 personality registered for level 0
[    8.251284] md: raid1 personality registered for level 1
[    8.324518] raid6: sse2x1   gen()  8233 MB/s
[    8.392463] raid6: sse2x1   xor()  6016 MB/s
[    8.466128] raid6: sse2x2   gen() 10453 MB/s
[    8.542553] raid6: sse2x2   xor()  6797 MB/s
[    8.612418] raid6: sse2x4   gen() 11599 MB/s
[    8.680523] raid6: sse2x4   xor()  5545 MB/s
[    8.756567] raid6: avx2x1   gen()  6631 MB/s
[    8.825175] raid6: avx2x2   gen() 17894 MB/s
[    8.896795] raid6: avx2x4   gen() 19218 MB/s
[    8.899204] raid6: using algorithm avx2x4 gen() 19218 MB/s
[    8.907384] raid6: using avx2x2 recovery algorithm
[    8.910930] xor: automatically using best checksumming function:
[    8.952616]    avx       : 24003.000 MB/sec
[    8.956370] async_tx: api initialized (async)
[    8.968419] md: raid6 personality registered for level 6
[    8.970773] md: raid5 personality registered for level 5
[    8.974867] md: raid4 personality registered for level 4
[    8.988571] md: raid10 personality registered for level 10
done.
Begin: Running /scripts/init-premount ... done.
Begin: Mounting root file system ... Begin: Running /scripts/local-top ... done.
Begin: Running /scripts/local-premount ... [    9.030770] Btrfs loaded
Scanning for Btrfs filesystems
done.
Warning: fsck not present, so skipping root file[    9.124272] EXT4-fs (sda1): mounted filesystem with ordered data mode. Opts: (null)
 system
done.
Begin: Running /scripts/local-bottom ... done.
Begin: Running /scripts/init-bottom ... done.
[    9.284613] systemd[1]: systemd 229 running in system mode. (+PAM +AUDIT +SELINUX +IMA +APPARMOR +SMACK +SYSVINIT +UTMP +LIBCRYPTSETUP +GCRYPT +GNUTLS +ACL +XZ -LZ4 +SECCOMP +BLKID +ELFUTILS +KMOD -IDN)
[    9.296617] systemd[1]: Detected virtualization oracle.
[    9.304478] systemd[1]: Detected architecture x86-64.

Welcome to [1mUbuntu 16.04.5 LTS[0m!

[    9.326743] systemd[1]: Set hostname to <ubuntu-xenial>.
[    9.646948] systemd[1]: Started Trigger resolvconf update for networkd DNS.
[[0;32m  OK  [0m] Started Trigger resolvconf update for networkd DNS.
[   9.691036] systemd[1]: Created slice User and Session Slice.

[[0;32m  OK  [0m] Created slice User and Session Slice.
[    9.731083] systemd[1]: Listening on Syslog Socket.
[[0;32m  OK  [0m] Listening on Syslog Socket.
[    9.737066] systemd[1]: Reached target User and Group Name Lookups.
[[0;32m  OK  [0m] Reached target User and Group Name Lookups.
[    9.808800] systemd[1]: Listening on udev Kernel Socket.
[[0;32m  OK  [0m] Listening on udev Kernel Socket.
[    9.826941] systemd[1]: Listening on Journal Soket (/dev/log).
[[0;32m  OK  [0m] Listening on Journal Socket (/dev/log).
[   10.080528] systemd[1] Reachedtarget System Time Synchronized.
[[0;32m  OK  [0m] Reached target System Time Synchronized.
[   10.207104] sytemd[1]: Lstening on udev Control Socket.
[[0;32m  OK  [0m] Listening on udev Control Socket.
[   10.307616] systemd[1]: Listening on Device-mapper eventdaemon FIFOs.
[[0;32m  OK  [0m] Listening on Device-mapper event daemon FIFOs.
[   10.649681] systemd[1]: Starte Forward Password Requests to Wall Directory Watch.
[[0;32m  OK  [0m] Started Forward Password Requests to Wall Directory Watch.
[   11.266250] systemd[1]: Set up automount Arbitrary ExeutableFile Formats File System Automount Point.

[[0;32m  OK  [0m] Set up automount Arbitrary Executab...ats File System Automount Point.
[   11.351629] systemd[1]: Listening on Journal Audit Socket.
[[0;32m  OK  [0m] Listening on Journal Audit Socket.
[   1.361242] systemd[1]: Listening on /dev/initctl Compatibility Named Pipe.
[[0;32m  OK  [0m] Listening on /dev/initctl Compatibility Named Pipe.
[  11.681262] sysemd[1]: Reachd target Encrypted Volumes.

[[0;32m  OK  [0m] Reached target Encrypted Volumes.
[   11.787638] systed[1]: Listenin on Journal Socke.
[[0;32m  OK  [0m] Listening on Journal Socket.
[   12.200900] sytemd[1:: Listening on LVM2 poll daemon socket.
[[0;32m  OK  [0m] Listening on LVM2 poll daemon socket.
[   12.283340] systemd[1]: Created slice System Slice.
[[0;32m  OK  [0m] Created slice System Slice.
[   12.301512] systemd[1]: Starting Create list of required static device nodes for the current kernel...
         Starting Create list of required st... nodes for the current kernel...
[   12.360731] systemd[1]: Mounting POSIX Message Queue File System...
         Mounting POSIX Message Queue File System...
[   12.381951] systemd[1]: Starting Load Kernel Modules...
         Starting Load Kernel Modules...
[   12.390778] systemd[1]: Starting Set console keymap...
         Starting Set console keymap...
[   12.396777] systemd[1]: Starting Nameserver information manager...
[   12.400149] Loading iSCSI transport class v2.0-870.
         Starting Nameserver information manager...
[   12.414684] systemd[1]: Reached target Slices.
[[0;32m  OK  [0m] Reached target Slices.
[   12.420979] systemd[1]: Starting Remount Root and Kernel File Systems...
         Starting Remount Root and Kernel File Systems...
[   12.431438] systemd[1]: Starting Uncomplicated firewall...
         Starting Uncomplicated firewall...
[   12.436462] EXT4-fs (sda1): re-mounted. Opts: (null)
[   12.437309] systemd[1]: Mounting Debug File System...
         Mounting Debug File System...
[   12.443397] iscsi: registered transport (tcp)
[   12.444483] systemd[1]: Mounting Huge Pages File System...
         Mounting Huge Pages File System...
[   12.451343] systemd[1]: Starting Journal Service...
         Starting Journal Service...
[   12.464718] systemd[1]: Reached target Swap.
[[0;32m  OK  [0m[   12.481770] random: nonblocking pool is initialized
] Reached target Swap.
[   12.485364] systemd[1]: Listening on LVM2 metadata daemon socket.
[[0;32m  OK  [0m] Listening on LVM2 metadata daemon socket.
[   12.508825] systemd[1]: Starting Monitoring of LVM2 mirrors, snapshots etc. using dmeventd or progress polling...
         Starting Monitoring of LVM2 mirrors... dmeventd or progress polling...
[   12.522182] systemd[1]: Created slice system-serial\x2dgetty.slice.
[   12.523284] iscsi: registered transport (iser)
[[0;32m  OK  [0m] Created slice system-serial\x2dgetty.slice.
[   12.544398] systemd[1]: Mounted POSIX Message Queue File System.
[[0;32m  OK  [0m] Mounted POSIX Message Queue File System.
[   12.564171] systemd[1]: Mounted Huge Pages File System.
[[0;32m  OK  [0m] Mounted Huge Pages File System.
[   12.607072] systemd[1]: Mounted Debug File System.
[[0;32m  OK  [0m] Mounted Debug File System.
[   12.626829] systemd[1]: Started Journal Service.
[[0;32m  OK  [0m] Started Journal Service.
[[0;32m  OK  [0m] Started Create list of required sta...ce nodes for the current kernel.
[[0;32m  OK  [0m] Started Load Kernel Modules.
[[0;32m  OK  [0m] Started Set console keymap.
[[0;32m  OK  [0m] Started Remount Root and Kernel File Systems.
[[0;32m  OK  [0m] Started Uncomplicated firewall.
[[0;32m  OK  [0m] Started Nameserver information manager.
[[0;32m  OK  [0m] Started LVM2 metadata daemon.
         Starting Load/Save Random Seed...
         Starting udev Coldplug all Devices...
         Starting Apply Kernel Variables...
         Mounting FUSE Control File System...
         Starting Create Static Device Nodes in /dev...
         Starting Flush Journal to Persistent Storage...
[[0;32m  OK  [0m] Mounted FUSE Control File System.
[[0;32m  OK  [0m] Started Load/Save Random Seed.
[[0;32m  OK  [0m] Started Apply Kernel Variables.
[[0;32m  OK  [0m] Started Create Static Device Nodes in /dev.
[[0;32m  OK  [0m] Started udev Coldplug all Devices.
[[0;32m  OK  [0m] Started Flush Journal to Persistent Storage.
         Starting udev Kernel Device Manager...
[[0;32m  OK  [0m] Started Monitoring of LVM2 mirrors,...ng dmeventd or progress polling.
[[0;32m  OK  [0m] Started udev Kernel Device Manager.
[[0;32m  OK  [0m] Reached target Local File Systems (Pre).
[[0;32m  OK  [0m] Reached target Local File Systems.
         Starting Set console font and keymap...
         Starting LSB: AppArmor initialization...
         Starting Create Volatile Files and Directories...
         Starting Tell Plymouth To Write Out Runtime Data...
         Starting Initial cloud-init job (pre-networking)...
[[0;32m  OK  [0m] Started Dispatch Password Requests to Console Directory Watch.
[[0;32m  OK  [0m] Started Tell Plymouth To Write Out Runtime Data.
[[0;32m  OK  [0m] Started Create Volatile Files and Directories.
         Starting Update UTMP about System Boot/Shutdown...
[[0;32m  OK  [0m] Started Update UTMP about System Boot/Shutdown.
[[0;32m  OK  [0m] Started LSB: AppArmor initialization.
[[0;32m  OK  [0m] Found device /dev/ttyS0.
[[0;32m  OK  [0m] Listening on Load/Save RF Kill Switch Status /dev/rfkill Watch.
[[0;32m  OK  [0m] Found device 82540EM Gigabit Ethern...r (PRO/1000 MT Desktop Adapter).
[[0;32m  OK  [0m] Started Set console font and keymap.
[[0;32m  OK  [0m] Created slice system-getty.slice.
[   13.307802] cloud-init[501]: Cloud-init v. 18.2 running 'init-local' at Wed, 25 Jul 2018 14:54:59 +0000. Up 12.89 seconds.
[[0;32m  OK  [0m] Started Initial cloud-init job (pre-networking).
[[0;32m  OK  [0m] Reached target Network (Pre).
         Starting Raise network interfaces...
[[0;32m  OK  [0m] Started ifup for enp0s3.
[[0;32m  OK  [0m] Started Raise network interfaces.
         Starting Initial cloud-init job (metadata service crawler)...
[[0;32m  OK  [0m] Reached target Network.
[   14.483013] cloud-init[977]: Cloud-init v. 18.2 running 'init' at Wed, 25 Jul 2018 14:55:00 +0000. Up 14.02 seconds.
[   14.529446] cloud-init[977]: ci-info: ++++++++++++++++++++++++++++++++++++++Net device info++++++++++++++++++++++++++++++++++++++
[   14.543133] cloud-init[977]: ci-info: +--------+-------+----------------------------+---------------+-------+-------------------+
[   14.576136] [[0;32m  OK  [0m] Started Initial cloud-init job (metadata service crawler).
cloud-init[977]: ci-info: | Device |   Up  |          Address           |      Mask     | Scope |     Hw-Address    |
[   14.594441] cloud-init[977]: ci-info: +--------+-------+----------------------------+---------------+-------+-------------------+
[[0;32m  OK  [0m] Reached target Network is Online.
[   14.596458] cloud-init[977]: ci-info: | enp0s3 |  True |         10.0.2.15          | 255.255.255.0 |   .   | 02:c5:fa:e6:4f:6d |
[   14.629962] cloud-init[977]: ci-info: | enp0s3 |  True | fe80::c5:faff:fee6:4f6d/64 |       .       |  link | 02:c5:fa:e6:4f:6d |
[   14.651394]          cloud-initStarting iSCSI initiator daemon (iscsid)...[977]: 
ci-info: | enp0s8 | False |             .              |       .       |   .   | 08:00:27:90:87:c3 |
[   14.681174] cloud-init[977]: ci-info: |   lo   |  True |         127.0.0.1          |   255.0.0.0   |   .   |         .         |
[[0;32m  OK  [0m] Reached target Cloud-config availability.
[   14.683155] [[0;32m  OK  [0m] Reached target System Initialization.
[[0;32m  OK  [0m] Listening on ACPID Listen Socket.
cloud-init[977]: ci-info: |   lo   |  True |          ::1/128           |       .       |  host |         .         |
[   14.729744]          Starting Socket activation for snappy daemon.
[[0;32m  OK  [0m] Listening on D-Bus System Message Bus Socket.
cloud-init[977]: ci-info: +--------+-------+----------------------------+---------------+-------+-------------------+
[   14.832768] [cloud-init[0;32m  OK  [0m[977]: ] ci-info: +++++++++++++++++++++++++++Route IPv4 info++++++++++++++++++++++++++++Started Daily apt download activities.

[   14.834888] [[0;32m  OK  [0m] Started Daily apt upgrade and clean activities.
cloud-init[977]: ci-info: +-------+-------------+----------+---------------+-----------+-------+
[[0;32m  OK  [0m] Listening on UUID daemon activation socket.
[   14.941495] [[0;32m  OK  [0m] Started Daily Cleanup of Temporary Directories.
[[0;32m  OK  [0m] Reached target Timers.
cloud-init[977]: ci-info: | Route | Destination | Gateway  |    Genmask    | Interface | Flags |
[   14.958173] cloud-init[977]: ci-info: +-------+-------------+----------+---------------+-----------+-------+
         Starting LXD - unix socket.
[   14.979626] cloud-init[977]: ci-info: |   0   |   0.0.0.0   | 10.0.2.2 |    0.0.0.0    |   enp0s3  |   UG  |
[[0;32m  OK  [0m] Started ACPI Events Check.
[   15.008393] cloud-init[977]: ci-info: |   1   |   10.0.2.0  | 0.0.0.0  | 255.255.255.0 |   enp0s3  |   U   |
[[0;32m  OK  [0m] Reached target Paths.
[   15.050914] cloud-init[977]: ci-info: +-------+-------------+----------+---------------+-----------+-------+
[[0;32m  OK  [0m] Listening on Socket activation for snappy daemon.
[[0;32m  OK  [0m] Listening on LXD - unix socket.
[[0;32m  OK  [0m] Started iSCSI initiator daemon (iscsid).
         Starting Login to default iSCSI targets...
[[0;32m  OK  [0m] Reached target Sockets.
[[0;32m  OK  [0m] Reached target Basic System.
         Starting /etc/rc.local Compatibility...
         Starting Login Service...
         Starting Apply the settings specified in cloud-config...
         Starting Virtualbox guest utils...
[[0;32m  OK  [0m] Started FUSE filesystem for LXC.
         Starting Snappy daemon...
         Starting LSB: MD monitoring daemon...
[[0;32m  OK  [0m] Started Regular background program processing daemon.
[[0;32m  OK  [0m] Started Deferred execution scheduler.
[[0;32m  OK  [0m] Started ACPI event daemon.
[[0;32m  OK  [0m] Started D-Bus System Message Bus.
         Starting Accounts Service...
         Starting A high performance web server and a reverse proxy server...
         Starting OpenBSD Secure Shell server...
         Starting LSB: Record successful boot for GRUB...
[[0;32m  OK  [0m] Started Unattended Upgrades Shutdown.
         Starting System Logging Service...
         Starting LXD - container startup/shutdown...
[[0;32m  OK  [0m] Started System Logging Service.
[[0;32m  OK  [0m] Started OpenBSD Secure Shell server.
[[0;32m  OK  [0m] Started /etc/rc.local Compatibility.
[[0;32m  OK  [0m] Started Login to default iSCSI targets.
[[0;32m  OK  [0m] Started Snappy daemon.
[[0;32m  OK  [0m] Started Login Service.
[[0;32m  OK  [0m] Started LSB: MD monitoring daemon.
[[0;32m  OK  [0m] Started LSB: Record successful boot for GRUB.
[[0;32m  OK  [0m] Started LXD - container startup/shutdown.
[[0;32m  OK  [0m] Started A high performance web server and a reverse proxy server.
         Starting Authenticate and Authorize Users to Run Privileged Tasks...
         Starting Wait until snapd is fully seeded...
[[0;32m  OK  [0m] Reached target Remote File Systems (Pre).
[[0;32m  OK  [0m] Reached target Remote File Systems.
         Starting LSB: automatic crash report generation...
         Starting LSB: Set the CPU Frequency Scaling governor to "ondemand"...
         Starting Permit User Sessions...
         Starting LSB: daemon to balance interrupts for SMP systems...
[[0;32m  OK  [0m] Started Virtualbox guest utils.
[[0;32m  OK  [0m] Started Wait until snapd is fully seeded.
[[0;32m  OK  [0m] Started Permit User Sessions.
[[0;32m  OK  [0m] Started Authenticate and Authorize Users to Run Privileged Tasks.
[[0;32m  OK  [0m] Started Accounts Service.
[[0;32m  OK  [0m] Started LSB: Set the CPU Frequency Scaling governor to "ondemand".
         Starting Terminate Plymouth Boot Screen...
         Starting Hold until boot process finishes up...
[[0;32m  OK  [0m] Started LSB: automatic crash report generation.
[[0;32m  OK  [0m] Started Terminate Plymouth Boot Screen.
[[0;32m  OK  [0m] Started Hold until boot process finishes up.
[[0;32m  OK  [0m] Started Serial Getty on ttyS0.
         Starting Set console scheme...
[   17.167057] cloud-init[1043]: Cloud-init v. 18.2 running 'modules:config' at Wed, 25 Jul 2018 14:55:03 +0000. Up 16.78 seconds.
[[0;32m  OK  [0m] Started Getty on tty1.
[[0;32m  OK  [0m] Reached target Login Prompts.
[[0;32m  OK  [0m] Started Apply the settings specified in cloud-config.
[[0;32m  OK  [0m] Started LSB: daemon to balance interrupts for SMP systems.
[[0;32m  OK  [0m] Started Set console scheme.
[[0;32m  OK  [0m] Created slice User Slice of vagrant.
         Starting User Manager for UID 1000...
[[0;32m  OK  [0m] Started Session 1 of user vagrant.
[[0;32m  OK  [0m] Reached target Multi-User System.
[[0;32m  OK  [0m] Reached target Graphical Interface.
         Starting Update UTMP about System Runlevel Changes...
         Starting Execute cloud user/final scripts...
[[0;32m  OK  [0m] Started User Manager for UID 1000.
[[0;32m  OK  [0m] Started Update UTMP about System Runlevel Changes.
[   18.189122] cloud-init[1246]: Cloud-init v. 18.2 running 'modules:final' at Wed, 25 Jul 2018 14:55:04 +0000. Up 18.01 seconds.
[   18.203467] cloud-init[1246]: Cloud-init v. 18.2 finished at Wed, 25 Jul 2018 14:55:04 +0000. Datasource DataSourceNoCloud [seed=/dev/sdb][dsmode=net].  Up 18.17 seconds
[[0;32m  OK  [0m] Started Execute cloud user/final scripts.
[[0;32m  OK  [0m] Reached target Cloud-init target.

Ubuntu 16.04.5 LTS ubuntu-xenial ttyS0

ubuntu-xenial login: 